  Test project C:/Users/might/projects/orionengine2.0
      Start 1: orion_tst
  Could not find executable C:/Users/might/projects/orionengine2.0/tests/bin/Debug/orion_tst.exe
  Looked in the following places:
  C:/Users/might/projects/orionengine2.0/tests/bin/Debug/orion_tst.exe
  C:/Users/might/projects/orionengine2.0/tests/bin/Debug/orion_tst.exe.exe
  C:/Users/might/projects/orionengine2.0/tests/bin/Debug/Debug/orion_tst.exe
  C:/Users/might/projects/orionengine2.0/tests/bin/Debug/Debug/orion_tst.exe.exe
  Unable to find executable: C:/Users/might/projects/orionengine2.0/tests/bin/Debug/orion_tst.exe
  Debug/C:/Users/might/projects/orionengine2.0/tests/bin/Debug/orion_tst.exe
  Debug/C:/Users/might/projects/orionengine2.0/tests/bin/Debug/orion_tst.exe.exe
  1/1 Test #1: orion_tst ........................***Not Run   0.00 sec
  
  0% tests passed, 1 tests failed out of 1
  
  Total Test time (real) =   0.03 sec
  
  The following tests FAILED:
  	  1 - orion_tst (Not Run)
  Errors while running CTest
  Output from these tests are in: C:/Users/might/projects/orionengine2.0/Testing/Temporary/LastTest.log
  Use "--rerun-failed --output-on-failure" to re-run the failed cases verbosely.
C:\Program Files (x86)\Microsoft Visual Studio\2019\Community\MSBuild\Microsoft\VC\v160\Microsoft.CppCommon.targets(155,5): error MSB3073: The command "setlocal
C:\Program Files (x86)\Microsoft Visual Studio\2019\Community\MSBuild\Microsoft\VC\v160\Microsoft.CppCommon.targets(155,5): error MSB3073: "C:\Program Files\CMake\bin\ctest.exe" --force-new-ctest-process -C Debug
C:\Program Files (x86)\Microsoft Visual Studio\2019\Community\MSBuild\Microsoft\VC\v160\Microsoft.CppCommon.targets(155,5): error MSB3073: if %errorlevel% neq 0 goto :cmEnd
C:\Program Files (x86)\Microsoft Visual Studio\2019\Community\MSBuild\Microsoft\VC\v160\Microsoft.CppCommon.targets(155,5): error MSB3073: :cmEnd
C:\Program Files (x86)\Microsoft Visual Studio\2019\Community\MSBuild\Microsoft\VC\v160\Microsoft.CppCommon.targets(155,5): error MSB3073: endlocal & call :cmErrorLevel %errorlevel% & goto :cmDone
C:\Program Files (x86)\Microsoft Visual Studio\2019\Community\MSBuild\Microsoft\VC\v160\Microsoft.CppCommon.targets(155,5): error MSB3073: :cmErrorLevel
C:\Program Files (x86)\Microsoft Visual Studio\2019\Community\MSBuild\Microsoft\VC\v160\Microsoft.CppCommon.targets(155,5): error MSB3073: exit /b %1
C:\Program Files (x86)\Microsoft Visual Studio\2019\Community\MSBuild\Microsoft\VC\v160\Microsoft.CppCommon.targets(155,5): error MSB3073: :cmDone
C:\Program Files (x86)\Microsoft Visual Studio\2019\Community\MSBuild\Microsoft\VC\v160\Microsoft.CppCommon.targets(155,5): error MSB3073: if %errorlevel% neq 0 goto :VCEnd
C:\Program Files (x86)\Microsoft Visual Studio\2019\Community\MSBuild\Microsoft\VC\v160\Microsoft.CppCommon.targets(155,5): error MSB3073: :VCEnd" exited with code 8.
